[themewagon.github.io/carbook/index.html]
[backblue.gif]
[fade.gif]
[index.html]
[themewagon.github.io/carbook/css/open-iconic-bootstrap.min.css]
[themewagon.github.io/carbook/css/animate.css]
[themewagon.github.io/carbook/css/owl.carousel.min.css]
[themewagon.github.io/carbook/css/owl.theme.default.min.css]
[themewagon.github.io/carbook/css/magnific-popup.css]
[themewagon.github.io/carbook/css/aos.css]
[themewagon.github.io/carbook/css/ionicons.min.css]
[themewagon.github.io/carbook/css/bootstrap-datepicker.css]
[themewagon.github.io/carbook/css/jquery.timepicker.css]
[themewagon.github.io/carbook/css/flaticon.css]
[themewagon.github.io/carbook/css/icomoon.css]
[themewagon.github.io/carbook/css/style.css]
[themewagon.github.io/carbook/index-2.html]
[themewagon.github.io/carbook/about.html]
[themewagon.github.io/carbook/services.html]
[themewagon.github.io/carbook/pricing.html]
[themewagon.github.io/carbook/car.html]
[themewagon.github.io/carbook/blog.html]
[themewagon.github.io/carbook/contact.html]
[themewagon.github.io/carbook/images/bg_1.jpg]
[themewagon.github.io/carbook/images/car-1.jpg]
[themewagon.github.io/carbook/images/car-2.jpg]
[themewagon.github.io/carbook/images/car-3.jpg]
[themewagon.github.io/carbook/images/car-4.jpg]
[themewagon.github.io/carbook/images/about.jpg]
[themewagon.github.io/carbook/images/bg_3.jpg]
[themewagon.github.io/carbook/images/person_1.jpg]
[themewagon.github.io/carbook/images/person_2.jpg]
[themewagon.github.io/carbook/images/person_3.jpg]
[themewagon.github.io/carbook/blog-single.html]
[themewagon.github.io/carbook/images/image_1.jpg]
[themewagon.github.io/carbook/images/image_2.jpg]
[themewagon.github.io/carbook/images/image_3.jpg]
[themewagon.github.io/carbook/js/jquery.min.js]
[themewagon.github.io/carbook/js/jquery-migrate-3.0.1.min.js]
[themewagon.github.io/carbook/js/popper.min.js]
[themewagon.github.io/carbook/js/bootstrap.min.js]
[themewagon.github.io/carbook/js/jquery.easing.1.3.js]
[themewagon.github.io/carbook/js/jquery.waypoints.min.js]
[themewagon.github.io/carbook/js/jquery.stellar.min.js]
[themewagon.github.io/carbook/js/owl.carousel.min.js]
[themewagon.github.io/carbook/js/jquery.magnific-popup.min.js]
[themewagon.github.io/carbook/js/aos.js]
[themewagon.github.io/carbook/js/jquery.animateNumber.min.js]
[themewagon.github.io/carbook/js/bootstrap-datepicker.js]
[themewagon.github.io/carbook/js/jquery.timepicker.min.js]
[themewagon.github.io/carbook/js/scrollax.min.js]
[themewagon.github.io/carbook/js/google-map.js]
[themewagon.github.io/carbook/js/main.js]
[themewagon.github.io/carbook/index.html]
[themewagon.github.io/carbook/fonts/open-iconic/open-iconic.eot]
[themewagon.github.io/carbook/fonts/open-iconic/open-iconicd41d.eot]
[themewagon.github.io/carbook/fonts/open-iconic/open-iconic.woff]
[themewagon.github.io/carbook/fonts/open-iconic/open-iconic.ttf]
[themewagon.github.io/carbook/fonts/open-iconic/open-iconic.otf]
[themewagon.github.io/carbook/fonts/open-iconic/open-iconic.svg]
[themewagon.github.io/carbook/css/open-iconic-bootstrap.min.css]
[themewagon.github.io/carbook/css/animate.css]
[themewagon.github.io/carbook/css/owl.video.play.png]
[themewagon.github.io/carbook/css/owl.carousel.min.css]
[themewagon.github.io/carbook/css/owl.theme.default.min.css]
[themewagon.github.io/carbook/css/magnific-popup.css]
[themewagon.github.io/carbook/css/aos.css]
[themewagon.github.io/carbook/fonts/ionicons/fonts/ionicons580c.eot]
[themewagon.github.io/carbook/fonts/ionicons/fonts/ionicons580c.woff2]
[themewagon.github.io/carbook/fonts/ionicons/fonts/ionicons580c.woff]
[themewagon.github.io/carbook/fonts/ionicons/fonts/ionicons580c.ttf]
[themewagon.github.io/carbook/css/ionicons.min.css]
[themewagon.github.io/carbook/css/bootstrap-datepicker.css]
[themewagon.github.io/carbook/css/jquery.timepicker.css]
[themewagon.github.io/carbook/fonts/ionicons/fonts/ionicons580c.svg]
[themewagon.github.io/carbook/fonts/flaticon/font/Flaticon.eot]
[themewagon.github.io/carbook/fonts/flaticon/font/Flaticond41d.eot]
[themewagon.github.io/carbook/fonts/flaticon/font/Flaticon.woff]
[themewagon.github.io/carbook/fonts/flaticon/font/Flaticon.ttf]
[themewagon.github.io/carbook/css/flaticon.css]
[themewagon.github.io/carbook/fonts/flaticon/font/Flaticon.svg]
[themewagon.github.io/carbook/fonts/icomoon/icomoonccfb.eot]
[themewagon.github.io/carbook/fonts/icomoon/icomoonccfb.ttf]
[themewagon.github.io/carbook/fonts/icomoon/icomoonccfb.woff]
[themewagon.github.io/carbook/css/icomoon.css]
[themewagon.github.io/carbook/css/style.css]
[themewagon.github.io/carbook/index-2.html]
[themewagon.github.io/carbook/about.html]
[themewagon.github.io/carbook/services.html]
[themewagon.github.io/carbook/fonts/icomoon/icomoonccfb.svg]
[themewagon.github.io/carbook/images/car-5.jpg]
[themewagon.github.io/carbook/images/car-6.jpg]
[themewagon.github.io/carbook/pricing.html]
[themewagon.github.io/carbook/car-single.html]
[themewagon.github.io/carbook/images/car-7.jpg]
[themewagon.github.io/carbook/images/car-8.jpg]
[themewagon.github.io/carbook/images/car-9.jpg]
[themewagon.github.io/carbook/images/car-10.jpg]
[themewagon.github.io/carbook/images/car-11.jpg]
[themewagon.github.io/carbook/images/car-12.jpg]
[themewagon.github.io/carbook/car.html]
[themewagon.github.io/carbook/images/image_4.jpg]
[themewagon.github.io/carbook/images/image_5.jpg]
[themewagon.github.io/carbook/images/image_6.jpg]
[themewagon.github.io/carbook/blog.html]
[themewagon.github.io/carbook/contact.html]
[themewagon.github.io/carbook/images/image_7.jpg]
[themewagon.github.io/carbook/images/image_8.jpg]
[themewagon.github.io/carbook/blog-single.html]
[themewagon.github.io/carbook/fonts/open-iconic/open-iconic.svg]
[themewagon.github.io/carbook/css/owl.video.play.html]
[themewagon.github.io/carbook/fonts/ionicons/fonts/ionicons580c.svg]
[themewagon.github.io/carbook/fonts/flaticon/font/Flaticon.svg]
[themewagon.github.io/carbook/fonts/icomoon/icomoonccfb.svg]
[themewagon.github.io/carbook/car-single.html]
[themewagon.github.io/carbook/images/image_7.html]
[themewagon.github.io/carbook/images/image_8.html]
